Build started 21.11.2018 1:41:06.
     1>Project "C:\Users\Vitalina\documents\visual studio 2013\Projects\Project22\Project22\Project22.vcxproj" on node 2 (Build target(s)).
     1>ClCompile:
         C:\Program Files (x86)\Microsoft Visual Studio 12.0\VC\bin\CL.exe /c /ZI /nologo /W3 /WX- /sdl /Od /Oy- /D _MBCS /Gm /EHsc /RTC1 /MDd /GS /fp:precise /Zc:wchar_t /Zc:forScope /Fo"Debug\\" /Fd"Debug\vc120.pdb" /Gd /TP /analyze- /errorReport:prompt Class.cpp Realization.cpp
         Realization.cpp
     1>c:\users\vitalina\documents\visual studio 2013\projects\project22\project22\header.h(128): warning C4584: 'Clients' : base-class 'Client' is already a base-class of 'Vidpravnik'
                 c:\users\vitalina\documents\visual studio 2013\projects\project22\project22\header.h(93) : see declaration of 'Client'
                 c:\users\vitalina\documents\visual studio 2013\projects\project22\project22\header.h(111) : see declaration of 'Vidpravnik'
     1>c:\users\vitalina\documents\visual studio 2013\projects\project22\project22\header.h(158): warning C4584: 'Manager' : base-class 'Employee' is already a base-class of 'Pryimach'
                 c:\users\vitalina\documents\visual studio 2013\projects\project22\project22\header.h(136) : see declaration of 'Employee'
                 c:\users\vitalina\documents\visual studio 2013\projects\project22\project22\header.h(150) : see declaration of 'Pryimach'
     1>c:\users\vitalina\documents\visual studio 2013\projects\project22\project22\realization.cpp(74): warning C4101: 'th' : unreferenced local variable
         Generating Code...
         Compiling...
         Class.cpp
     1>c:\users\vitalina\documents\visual studio 2013\projects\project22\project22\header.h(128): warning C4584: 'Clients' : base-class 'Client' is already a base-class of 'Vidpravnik'
                 c:\users\vitalina\documents\visual studio 2013\projects\project22\project22\header.h(93) : see declaration of 'Client'
                 c:\users\vitalina\documents\visual studio 2013\projects\project22\project22\header.h(111) : see declaration of 'Vidpravnik'
     1>c:\users\vitalina\documents\visual studio 2013\projects\project22\project22\header.h(158): warning C4584: 'Manager' : base-class 'Employee' is already a base-class of 'Pryimach'
                 c:\users\vitalina\documents\visual studio 2013\projects\project22\project22\header.h(136) : see declaration of 'Employee'
                 c:\users\vitalina\documents\visual studio 2013\projects\project22\project22\header.h(150) : see declaration of 'Pryimach'
     1>c:\users\vitalina\documents\visual studio 2013\projects\project22\project22\class.cpp(226): warning C4244: 'argument' : conversion from 'time_t' to 'unsigned int', possible loss of data
     1>c:\users\vitalina\documents\visual studio 2013\projects\project22\project22\class.cpp(278): warning C4800: 'Parcel *' : forcing value to bool 'true' or 'false' (performance warning)
     1>c:\users\vitalina\documents\visual studio 2013\projects\project22\project22\class.cpp(283): warning C4800: 'Parcel *' : forcing value to bool 'true' or 'false' (performance warning)
     1>c:\users\vitalina\documents\visual studio 2013\projects\project22\project22\class.cpp(490): warning C4244: 'initializing' : conversion from '__int64' to 'float', possible loss of data
     1>c:\users\vitalina\documents\visual studio 2013\projects\project22\project22\class.cpp(808): warning C4244: 'argument' : conversion from 'time_t' to 'unsigned int', possible loss of data
     1>c:\users\vitalina\documents\visual studio 2013\projects\project22\project22\class.cpp(915): warning C4244: 'argument' : conversion from 'time_t' to 'unsigned int', possible loss of data
     1>c:\users\vitalina\documents\visual studio 2013\projects\project22\project22\class.cpp(969): warning C4244: 'argument' : conversion from 'time_t' to 'unsigned int', possible loss of data
     1>c:\users\vitalina\documents\visual studio 2013\projects\project22\project22\class.cpp(1019): warning C4244: 'argument' : conversion from 'time_t' to 'unsigned int', possible loss of data
         Generating Code...
       Link:
         C:\Program Files (x86)\Microsoft Visual Studio 12.0\VC\bin\link.exe /ERRORREPORT:PROMPT /OUT:"C:\Users\Vitalina\documents\visual studio 2013\Projects\Project22\Debug\Project22.exe" /INCREMENTAL /NOLOGO kernel32.lib user32.lib gdi32.lib winspool.lib comdlg32.lib advapi32.lib shell32.lib ole32.lib oleaut32.lib uuid.lib odbc32.lib odbccp32.lib /MANIFEST /MANIFESTUAC:"level='asInvoker' uiAccess='false'" /manifest:embed /DEBUG /PDB:"C:\Users\Vitalina\documents\visual studio 2013\Projects\Project22\Debug\Project22.pdb" /TLBID:1 /DYNAMICBASE /NXCOMPAT /IMPLIB:"C:\Users\Vitalina\documents\visual studio 2013\Projects\Project22\Debug\Project22.lib" /MACHINE:X86 Debug\Class.obj
         Debug\Realization.obj
         Project22.vcxproj -> C:\Users\Vitalina\documents\visual studio 2013\Projects\Project22\Debug\Project22.exe
     1>Done Building Project "C:\Users\Vitalina\documents\visual studio 2013\Projects\Project22\Project22\Project22.vcxproj" (Build target(s)).

Build succeeded.

Time Elapsed 00:00:02.81
