Build started 07.12.2018 11:48:55.
     1>Project "C:\Users\Vitalina\documents\visual studio 2013\Projects\Project27\Project27\Project27.vcxproj" on node 2 (Build target(s)).
     1>ClCompile:
         C:\Program Files (x86)\Microsoft Visual Studio 12.0\VC\bin\CL.exe /c /AI"C:\Program Files (x86)\Reference Assemblies\Microsoft\Framework\.NETFramework\v4.5\\" /AI"C:\Program Files (x86)\Windows Kits\8.1\References\CommonConfiguration\Neutral" /AI"C:\Program Files (x86)\Reference Assemblies\Microsoft\Framework\.NETFramework\v4.5\Facades\\" /Zi /clr /nologo /W3 /WX- /Od /Oy- /D WIN32 /D _DEBUG /D _UNICODE /D UNICODE /EHa /MDd /GS /fp:precise /Zc:wchar_t /Zc:forScope /Fo"Debug\\" /Fd"Debug\vc120.pdb" /TP /FU"C:\Program Files (x86)\Reference Assemblies\Microsoft\Framework\.NETFramework\v4.5\mscorlib.dll" /FU"C:\Program Files (x86)\Reference Assemblies\Microsoft\Framework\.NETFramework\v4.5\System.Data.dll" /FU"C:\Program Files (x86)\Reference Assemblies\Microsoft\Framework\.NETFramework\v4.5\System.dll" /FU"C:\Program Files (x86)\Reference Assemblies\Microsoft\Framework\.NETFramework\v4.5\System.Drawing.dll" /FU"C:\Program Files (x86)\Reference Assemblies\Microsoft\Framework\.NETFramework\v4.5\System.Windows.Forms.dll" /FU"C:\Program Files (x86)\Reference Assemblies\Microsoft\Framework\.NETFramework\v4.5\System.Xml.dll" /analyze- /errorReport:prompt /clr:nostdlib user.cpp whoareu.cpp
         user.cpp
     1>c:\users\vitalina\documents\visual studio 2013\projects\project27\project27\user.h(763): warning C4244: 'argument' : conversion from 'time_t' to 'unsigned int', possible loss of data
     1>c:\users\vitalina\documents\visual studio 2013\projects\project27\project27\user.h(766): warning C4244: 'initializing' : conversion from '__int64' to 'int', possible loss of data
     1>c:\users\vitalina\documents\visual studio 2013\projects\project27\project27\user.h(779): warning C4244: 'initializing' : conversion from '__int64' to 'int', possible loss of data
         whoareu.cpp
     1>c:\users\vitalina\documents\visual studio 2013\projects\project27\project27\user.h(763): warning C4244: 'argument' : conversion from 'time_t' to 'unsigned int', possible loss of data
     1>c:\users\vitalina\documents\visual studio 2013\projects\project27\project27\user.h(766): warning C4244: 'initializing' : conversion from '__int64' to 'int', possible loss of data
     1>c:\users\vitalina\documents\visual studio 2013\projects\project27\project27\user.h(779): warning C4244: 'initializing' : conversion from '__int64' to 'int', possible loss of data
     1>whoareu.cpp(8): warning C4829: Possibly incorrect parameters to function main. Consider 'int main(Platform::Array<Platform::String^>^ argv)'
         Generating Code...
       Link:
         C:\Program Files (x86)\Microsoft Visual Studio 12.0\VC\bin\link.exe /ERRORREPORT:PROMPT /OUT:"C:\Users\Vitalina\documents\visual studio 2013\Projects\Project27\Debug\Project27.exe" /INCREMENTAL /NOLOGO /ASSEMBLYRESOURCE:Debug\Project27.admin.resources /ASSEMBLYRESOURCE:Debug\Project27.auth.resources /ASSEMBLYRESOURCE:Debug\Project27.user.resources /ASSEMBLYRESOURCE:Debug\Project27.whoareu.resources /MANIFEST /MANIFESTUAC:"level='asInvoker' uiAccess='false'" /manifest:embed /DEBUG /PDB:"C:\Users\Vitalina\documents\visual studio 2013\Projects\Project27\Debug\Project27.pdb" /ASSEMBLYDEBUG /SUBSYSTEM:WINDOWS /TLBID:1 /ENTRY:"main" /DYNAMICBASE /FIXED:NO /NXCOMPAT /MACHINE:X86 Debug\admin.obj
         Debug\auth.obj
         Debug\Realization.obj
         Debug\user.obj
         Debug\whoareu.obj
         "Debug\.NETFramework,Version=v4.5.AssemblyAttributes.obj"
         Project27.vcxproj -> C:\Users\Vitalina\documents\visual studio 2013\Projects\Project27\Debug\Project27.exe
     1>Done Building Project "C:\Users\Vitalina\documents\visual studio 2013\Projects\Project27\Project27\Project27.vcxproj" (Build target(s)).

Build succeeded.

Time Elapsed 00:00:05.62
